[debug] [2019-08-17T10:29:16.861Z] ----------------------------------------------------------------------
[debug] [2019-08-17T10:29:16.864Z] Command:       C:\Program Files\nodejs\node.exe C:\Users\khanh.ngoc\AppData\Roaming\npm\node_modules\firebase-tools\lib\bin\firebase.js functions:shell
[debug] [2019-08-17T10:29:16.864Z] CLI Version:   7.2.2
[debug] [2019-08-17T10:29:16.864Z] Platform:      win32
[debug] [2019-08-17T10:29:16.864Z] Node Version:  v12.2.0
[debug] [2019-08-17T10:29:16.865Z] Time:          Sat Aug 17 2019 17:29:16 GMT+0700 (Indochina Time)
[debug] [2019-08-17T10:29:16.865Z] ----------------------------------------------------------------------
[debug] 
[debug] [2019-08-17T10:29:16.874Z] > command requires scopes: ["email","openid","https://www.googleapis.com/auth/cloudplatformprojects.readonly","https://www.googleapis.com/auth/firebase","https://www.googleapis.com/auth/cloud-platform"]
[debug] [2019-08-17T10:29:16.875Z] > authorizing via signed-in user
[debug] [2019-08-17T10:29:16.875Z] [iam] checking project confetti-faca0 for permissions ["firebase.projects.get"]
[debug] [2019-08-17T10:29:16.877Z] >>> HTTP REQUEST POST https://cloudresourcemanager.googleapis.com/v1/projects/confetti-faca0:testIamPermissions  

[debug] [2019-08-17T10:29:17.976Z] <<< HTTP RESPONSE 200
[warn] !  Your requested "node" version "8" doesn't match your global version "12"
[debug] [2019-08-17T10:29:17.996Z] >>> HTTP REQUEST GET https://firebase.googleapis.com/v1beta1/projects/confetti-faca0/adminSdkConfig  
 
[debug] [2019-08-17T10:29:18.705Z] <<< HTTP RESPONSE 200
[info] +  functions: Emulator started at http://localhost:5000
[debug] [2019-08-17T10:29:19.003Z] [functions] Watching "C:\Users\khanh.ngoc\Workplace\Confetti\functions" for Cloud Functions...
[debug] [2019-08-17T10:29:19.388Z] DEBUG: [runtime-status] Functions runtime initialized. {"cwd":"C:\\Users\\khanh.ngoc\\Workplace\\Confetti\\functions","node_version":"12.2.0"}
[debug] [2019-08-17T10:29:19.388Z] DEBUG: [runtime-status] Disabled runtime features: {"functions_config_helper":true,"network_filtering":true,"timeout":true,"memory_limiting":true,"admin_stubs":true} {}
[debug] [2019-08-17T10:29:19.390Z] DEBUG: [runtime-status] Resolved module firebase-admin {"declared":true,"installed":true,"version":"8.3.0","resolution":"C:\\Users\\khanh.ngoc\\Workplace\\Confetti\\functions\\node_modules\\firebase-admin\\lib\\index.js"}
[debug] [2019-08-17T10:29:19.392Z] DEBUG: [runtime-status] Resolved module firebase-functions {"declared":true,"installed":true,"version":"3.2.0","resolution":"C:\\Users\\khanh.ngoc\\Workplace\\Confetti\\functions\\node_modules\\firebase-functions\\lib\\index.js"}
[debug] [2019-08-17T10:29:19.392Z] DEBUG: [runtime-status] Resolved module firebase-functions {"declared":true,"installed":true,"version":"3.2.0","resolution":"C:\\Users\\khanh.ngoc\\Workplace\\Confetti\\functions\\node_modules\\firebase-functions\\lib\\index.js"}
[debug] [2019-08-17T10:29:19.894Z] [functions[question]] http function initialized (http://localhost:5000/confetti-faca0/asia-east2/question).
[info] i  functions: Loaded functions: question
[info] >  Server started on port 8080
